<?xml version="1.0" encoding="UTF-8"?>
<testng-results ignored="0" total="17" passed="17" failed="0" skipped="0">
  <reporter-output>
  </reporter-output>
  <suite started-at="2025-09-03T16:20:36 IST" name="SauceDemo Suite" finished-at="2025-09-03T16:22:06 IST" duration-ms="90326">
    <groups>
      <group name="security">
        <method signature="LoginTest.lockedOutUserTest()[pri:0, instance:Tests.LoginTest@557caf28]" name="lockedOutUserTest" class="Tests.LoginTest"/>
        <method signature="LoginTest.longUsernamePasswordTest()[pri:0, instance:Tests.LoginTest@557caf28]" name="longUsernamePasswordTest" class="Tests.LoginTest"/>
        <method signature="LoginTest.sqlInjectionAttemptTest()[pri:0, instance:Tests.LoginTest@557caf28]" name="sqlInjectionAttemptTest" class="Tests.LoginTest"/>
        <method signature="LoginTest.whitespaceInUsernamePasswordTest()[pri:0, instance:Tests.LoginTest@557caf28]" name="whitespaceInUsernamePasswordTest" class="Tests.LoginTest"/>
      </group> <!-- security -->
      <group name="negative">
        <method signature="CartTest.removeItemAndCheckCartEmpty()[pri:0, instance:Tests.CartTest@179ece50]" name="removeItemAndCheckCartEmpty" class="Tests.CartTest"/>
        <method signature="CartTest.tryProceedingToCheckoutWithoutItem()[pri:0, instance:Tests.CartTest@179ece50]" name="tryProceedingToCheckoutWithoutItem" class="Tests.CartTest"/>
        <method signature="CheckoutTest.checkoutWithMissingUserDetails()[pri:0, instance:Tests.CheckoutTest@3b0090a4]" name="checkoutWithMissingUserDetails" class="Tests.CheckoutTest"/>
      </group> <!-- negative -->
      <group name="inputValidation">
        <method signature="LoginTest.emptyPasswordTest()[pri:0, instance:Tests.LoginTest@557caf28]" name="emptyPasswordTest" class="Tests.LoginTest"/>
        <method signature="LoginTest.emptyUsernameAndPasswordTest()[pri:0, instance:Tests.LoginTest@557caf28]" name="emptyUsernameAndPasswordTest" class="Tests.LoginTest"/>
        <method signature="LoginTest.emptyUsernameTest()[pri:0, instance:Tests.LoginTest@557caf28]" name="emptyUsernameTest" class="Tests.LoginTest"/>
      </group> <!-- inputValidation -->
      <group name="positive">
        <method signature="CartTest.verifyItemAddedToCartAndProceedCheckout()[pri:0, instance:Tests.CartTest@179ece50]" name="verifyItemAddedToCartAndProceedCheckout" class="Tests.CartTest"/>
        <method signature="CheckoutTest.completeCheckoutFlowSuccessfully()[pri:0, instance:Tests.CheckoutTest@3b0090a4]" name="completeCheckoutFlowSuccessfully" class="Tests.CheckoutTest"/>
        <method signature="LoginTest.loginWithValidCredentials()[pri:0, instance:Tests.LoginTest@557caf28]" name="loginWithValidCredentials" class="Tests.LoginTest"/>
      </group> <!-- positive -->
      <group name="invalidCreds">
        <method signature="LoginTest.invalidPasswordTest()[pri:0, instance:Tests.LoginTest@557caf28]" name="invalidPasswordTest" class="Tests.LoginTest"/>
        <method signature="LoginTest.invalidUsernameTest()[pri:0, instance:Tests.LoginTest@557caf28]" name="invalidUsernameTest" class="Tests.LoginTest"/>
      </group> <!-- invalidCreds -->
    </groups>
    <test started-at="2025-09-03T16:20:36 IST" name="Regression Tests" finished-at="2025-09-03T16:22:06 IST" duration-ms="90326">
      <class name="Tests.CartTest">
        <test-method is-config="true" signature="setUp()[pri:0, instance:Tests.CartTest@179ece50]" started-at="2025-09-03T16:21:17 IST" name="setUp" finished-at="2025-09-03T16:21:20 IST" duration-ms="2646" status="PASS">
          <reporter-output>
          </reporter-output>
        </test-method> <!-- setUp -->
        <test-method signature="removeItemAndCheckCartEmpty()[pri:0, instance:Tests.CartTest@179ece50]" started-at="2025-09-03T16:21:20 IST" name="removeItemAndCheckCartEmpty" finished-at="2025-09-03T16:21:25 IST" duration-ms="5859" status="PASS">
          <reporter-output>
          </reporter-output>
        </test-method> <!-- removeItemAndCheckCartEmpty -->
        <test-method is-config="true" signature="tearDown()[pri:0, instance:Tests.CartTest@179ece50]" started-at="2025-09-03T16:21:25 IST" name="tearDown" finished-at="2025-09-03T16:21:26 IST" duration-ms="346" status="PASS">
          <reporter-output>
          </reporter-output>
        </test-method> <!-- tearDown -->
        <test-method is-config="true" signature="setUp()[pri:0, instance:Tests.CartTest@179ece50]" started-at="2025-09-03T16:21:26 IST" name="setUp" finished-at="2025-09-03T16:21:31 IST" duration-ms="4756" status="PASS">
          <reporter-output>
          </reporter-output>
        </test-method> <!-- setUp -->
        <test-method signature="tryProceedingToCheckoutWithoutItem()[pri:0, instance:Tests.CartTest@179ece50]" started-at="2025-09-03T16:21:31 IST" name="tryProceedingToCheckoutWithoutItem" finished-at="2025-09-03T16:21:36 IST" duration-ms="5518" status="PASS">
          <reporter-output>
          </reporter-output>
        </test-method> <!-- tryProceedingToCheckoutWithoutItem -->
        <test-method is-config="true" signature="tearDown()[pri:0, instance:Tests.CartTest@179ece50]" started-at="2025-09-03T16:21:36 IST" name="tearDown" finished-at="2025-09-03T16:21:36 IST" duration-ms="363" status="PASS">
          <reporter-output>
          </reporter-output>
        </test-method> <!-- tearDown -->
        <test-method is-config="true" signature="setUp()[pri:0, instance:Tests.CartTest@179ece50]" started-at="2025-09-03T16:21:36 IST" name="setUp" finished-at="2025-09-03T16:21:42 IST" duration-ms="5323" status="PASS">
          <reporter-output>
          </reporter-output>
        </test-method> <!-- setUp -->
        <test-method signature="verifyItemAddedToCartAndProceedCheckout()[pri:0, instance:Tests.CartTest@179ece50]" started-at="2025-09-03T16:21:42 IST" name="verifyItemAddedToCartAndProceedCheckout" finished-at="2025-09-03T16:21:43 IST" duration-ms="934" status="PASS">
          <reporter-output>
          </reporter-output>
        </test-method> <!-- verifyItemAddedToCartAndProceedCheckout -->
        <test-method is-config="true" signature="tearDown()[pri:0, instance:Tests.CartTest@179ece50]" started-at="2025-09-03T16:21:43 IST" name="tearDown" finished-at="2025-09-03T16:21:43 IST" duration-ms="399" status="PASS">
          <reporter-output>
          </reporter-output>
        </test-method> <!-- tearDown -->
      </class> <!-- Tests.CartTest -->
      <class name="Tests.CheckoutTest">
        <test-method is-config="true" signature="setUp()[pri:0, instance:Tests.CheckoutTest@3b0090a4]" started-at="2025-09-03T16:21:43 IST" name="setUp" finished-at="2025-09-03T16:21:46 IST" duration-ms="2868" status="PASS">
          <reporter-output>
          </reporter-output>
        </test-method> <!-- setUp -->
        <test-method signature="checkoutWithMissingUserDetails()[pri:0, instance:Tests.CheckoutTest@3b0090a4]" started-at="2025-09-03T16:21:46 IST" name="checkoutWithMissingUserDetails" finished-at="2025-09-03T16:21:47 IST" duration-ms="1347" status="PASS">
          <reporter-output>
          </reporter-output>
        </test-method> <!-- checkoutWithMissingUserDetails -->
        <test-method is-config="true" signature="tearDown()[pri:0, instance:Tests.CheckoutTest@3b0090a4]" started-at="2025-09-03T16:21:47 IST" name="tearDown" finished-at="2025-09-03T16:21:48 IST" duration-ms="362" status="PASS">
          <reporter-output>
          </reporter-output>
        </test-method> <!-- tearDown -->
        <test-method is-config="true" signature="setUp()[pri:0, instance:Tests.CheckoutTest@3b0090a4]" started-at="2025-09-03T16:21:48 IST" name="setUp" finished-at="2025-09-03T16:21:51 IST" duration-ms="3292" status="PASS">
          <reporter-output>
          </reporter-output>
        </test-method> <!-- setUp -->
        <test-method signature="completeCheckoutFlowSuccessfully()[pri:0, instance:Tests.CheckoutTest@3b0090a4]" started-at="2025-09-03T16:21:51 IST" name="completeCheckoutFlowSuccessfully" finished-at="2025-09-03T16:21:53 IST" duration-ms="1522" status="PASS">
          <reporter-output>
          </reporter-output>
        </test-method> <!-- completeCheckoutFlowSuccessfully -->
        <test-method is-config="true" signature="tearDown()[pri:0, instance:Tests.CheckoutTest@3b0090a4]" started-at="2025-09-03T16:21:53 IST" name="tearDown" finished-at="2025-09-03T16:21:53 IST" duration-ms="348" status="PASS">
          <reporter-output>
          </reporter-output>
        </test-method> <!-- tearDown -->
      </class> <!-- Tests.CheckoutTest -->
      <class name="Tests.InventoryTest">
        <test-method is-config="true" signature="setUp()[pri:0, instance:Tests.InventoryTest@3cd3e762]" started-at="2025-09-03T16:21:53 IST" name="setUp" finished-at="2025-09-03T16:21:55 IST" duration-ms="1978" status="PASS">
          <reporter-output>
          </reporter-output>
        </test-method> <!-- setUp -->
        <test-method signature="addItemThenVerifyButtonText()[pri:0, instance:Tests.InventoryTest@3cd3e762]" started-at="2025-09-03T16:21:55 IST" name="addItemThenVerifyButtonText" finished-at="2025-09-03T16:21:58 IST" duration-ms="2785" status="PASS">
          <reporter-output>
          </reporter-output>
        </test-method> <!-- addItemThenVerifyButtonText -->
        <test-method is-config="true" signature="tearDown()[pri:0, instance:Tests.InventoryTest@3cd3e762]" started-at="2025-09-03T16:21:58 IST" name="tearDown" finished-at="2025-09-03T16:21:58 IST" duration-ms="426" status="PASS">
          <reporter-output>
          </reporter-output>
        </test-method> <!-- tearDown -->
        <test-method is-config="true" signature="setUp()[pri:0, instance:Tests.InventoryTest@3cd3e762]" started-at="2025-09-03T16:21:58 IST" name="setUp" finished-at="2025-09-03T16:22:01 IST" duration-ms="2832" status="PASS">
          <reporter-output>
          </reporter-output>
        </test-method> <!-- setUp -->
        <test-method signature="addItemToCartTest()[pri:0, instance:Tests.InventoryTest@3cd3e762]" started-at="2025-09-03T16:22:01 IST" name="addItemToCartTest" finished-at="2025-09-03T16:22:06 IST" duration-ms="4812" status="PASS">
          <reporter-output>
          </reporter-output>
        </test-method> <!-- addItemToCartTest -->
        <test-method is-config="true" signature="tearDown()[pri:0, instance:Tests.InventoryTest@3cd3e762]" started-at="2025-09-03T16:22:06 IST" name="tearDown" finished-at="2025-09-03T16:22:06 IST" duration-ms="387" status="PASS">
          <reporter-output>
          </reporter-output>
        </test-method> <!-- tearDown -->
      </class> <!-- Tests.InventoryTest -->
      <class name="Tests.LoginTest">
        <test-method is-config="true" signature="setUp()[pri:0, instance:Tests.LoginTest@557caf28]" started-at="2025-09-03T16:20:36 IST" name="setUp" finished-at="2025-09-03T16:20:42 IST" duration-ms="6359" status="PASS">
          <reporter-output>
          </reporter-output>
        </test-method> <!-- setUp -->
        <test-method signature="emptyPasswordTest()[pri:0, instance:Tests.LoginTest@557caf28]" started-at="2025-09-03T16:20:42 IST" name="emptyPasswordTest" finished-at="2025-09-03T16:20:43 IST" duration-ms="387" status="PASS">
          <reporter-output>
          </reporter-output>
        </test-method> <!-- emptyPasswordTest -->
        <test-method is-config="true" signature="tearDown()[pri:0, instance:Tests.LoginTest@557caf28]" started-at="2025-09-03T16:20:43 IST" name="tearDown" finished-at="2025-09-03T16:20:43 IST" duration-ms="246" status="PASS">
          <reporter-output>
          </reporter-output>
        </test-method> <!-- tearDown -->
        <test-method is-config="true" signature="setUp()[pri:0, instance:Tests.LoginTest@557caf28]" started-at="2025-09-03T16:20:43 IST" name="setUp" finished-at="2025-09-03T16:20:50 IST" duration-ms="6943" status="PASS">
          <reporter-output>
          </reporter-output>
        </test-method> <!-- setUp -->
        <test-method signature="emptyUsernameAndPasswordTest()[pri:0, instance:Tests.LoginTest@557caf28]" started-at="2025-09-03T16:20:50 IST" name="emptyUsernameAndPasswordTest" finished-at="2025-09-03T16:20:50 IST" duration-ms="484" status="PASS">
          <reporter-output>
          </reporter-output>
        </test-method> <!-- emptyUsernameAndPasswordTest -->
        <test-method is-config="true" signature="tearDown()[pri:0, instance:Tests.LoginTest@557caf28]" started-at="2025-09-03T16:20:50 IST" name="tearDown" finished-at="2025-09-03T16:20:51 IST" duration-ms="334" status="PASS">
          <reporter-output>
          </reporter-output>
        </test-method> <!-- tearDown -->
        <test-method is-config="true" signature="setUp()[pri:0, instance:Tests.LoginTest@557caf28]" started-at="2025-09-03T16:20:51 IST" name="setUp" finished-at="2025-09-03T16:20:53 IST" duration-ms="2045" status="PASS">
          <reporter-output>
          </reporter-output>
        </test-method> <!-- setUp -->
        <test-method signature="emptyUsernameTest()[pri:0, instance:Tests.LoginTest@557caf28]" started-at="2025-09-03T16:20:53 IST" name="emptyUsernameTest" finished-at="2025-09-03T16:20:53 IST" duration-ms="439" status="PASS">
          <reporter-output>
          </reporter-output>
        </test-method> <!-- emptyUsernameTest -->
        <test-method is-config="true" signature="tearDown()[pri:0, instance:Tests.LoginTest@557caf28]" started-at="2025-09-03T16:20:53 IST" name="tearDown" finished-at="2025-09-03T16:20:53 IST" duration-ms="277" status="PASS">
          <reporter-output>
          </reporter-output>
        </test-method> <!-- tearDown -->
        <test-method is-config="true" signature="setUp()[pri:0, instance:Tests.LoginTest@557caf28]" started-at="2025-09-03T16:20:53 IST" name="setUp" finished-at="2025-09-03T16:20:55 IST" duration-ms="1980" status="PASS">
          <reporter-output>
          </reporter-output>
        </test-method> <!-- setUp -->
        <test-method signature="invalidPasswordTest()[pri:0, instance:Tests.LoginTest@557caf28]" started-at="2025-09-03T16:20:55 IST" name="invalidPasswordTest" finished-at="2025-09-03T16:20:56 IST" duration-ms="499" status="PASS">
          <reporter-output>
          </reporter-output>
        </test-method> <!-- invalidPasswordTest -->
        <test-method is-config="true" signature="tearDown()[pri:0, instance:Tests.LoginTest@557caf28]" started-at="2025-09-03T16:20:56 IST" name="tearDown" finished-at="2025-09-03T16:20:56 IST" duration-ms="263" status="PASS">
          <reporter-output>
          </reporter-output>
        </test-method> <!-- tearDown -->
        <test-method is-config="true" signature="setUp()[pri:0, instance:Tests.LoginTest@557caf28]" started-at="2025-09-03T16:20:56 IST" name="setUp" finished-at="2025-09-03T16:20:58 IST" duration-ms="2302" status="PASS">
          <reporter-output>
          </reporter-output>
        </test-method> <!-- setUp -->
        <test-method signature="invalidUsernameTest()[pri:0, instance:Tests.LoginTest@557caf28]" started-at="2025-09-03T16:20:58 IST" name="invalidUsernameTest" finished-at="2025-09-03T16:20:59 IST" duration-ms="486" status="PASS">
          <reporter-output>
          </reporter-output>
        </test-method> <!-- invalidUsernameTest -->
        <test-method is-config="true" signature="tearDown()[pri:0, instance:Tests.LoginTest@557caf28]" started-at="2025-09-03T16:20:59 IST" name="tearDown" finished-at="2025-09-03T16:20:59 IST" duration-ms="287" status="PASS">
          <reporter-output>
          </reporter-output>
        </test-method> <!-- tearDown -->
        <test-method is-config="true" signature="setUp()[pri:0, instance:Tests.LoginTest@557caf28]" started-at="2025-09-03T16:20:59 IST" name="setUp" finished-at="2025-09-03T16:21:01 IST" duration-ms="2221" status="PASS">
          <reporter-output>
          </reporter-output>
        </test-method> <!-- setUp -->
        <test-method signature="lockedOutUserTest()[pri:0, instance:Tests.LoginTest@557caf28]" started-at="2025-09-03T16:21:01 IST" name="lockedOutUserTest" finished-at="2025-09-03T16:21:02 IST" duration-ms="481" status="PASS">
          <reporter-output>
          </reporter-output>
        </test-method> <!-- lockedOutUserTest -->
        <test-method is-config="true" signature="tearDown()[pri:0, instance:Tests.LoginTest@557caf28]" started-at="2025-09-03T16:21:02 IST" name="tearDown" finished-at="2025-09-03T16:21:02 IST" duration-ms="318" status="PASS">
          <reporter-output>
          </reporter-output>
        </test-method> <!-- tearDown -->
        <test-method is-config="true" signature="setUp()[pri:0, instance:Tests.LoginTest@557caf28]" started-at="2025-09-03T16:21:02 IST" name="setUp" finished-at="2025-09-03T16:21:05 IST" duration-ms="2416" status="PASS">
          <reporter-output>
          </reporter-output>
        </test-method> <!-- setUp -->
        <test-method signature="loginWithValidCredentials()[pri:0, instance:Tests.LoginTest@557caf28]" started-at="2025-09-03T16:21:05 IST" name="loginWithValidCredentials" finished-at="2025-09-03T16:21:05 IST" duration-ms="474" status="PASS">
          <reporter-output>
          </reporter-output>
        </test-method> <!-- loginWithValidCredentials -->
        <test-method is-config="true" signature="tearDown()[pri:0, instance:Tests.LoginTest@557caf28]" started-at="2025-09-03T16:21:05 IST" name="tearDown" finished-at="2025-09-03T16:21:05 IST" duration-ms="312" status="PASS">
          <reporter-output>
          </reporter-output>
        </test-method> <!-- tearDown -->
        <test-method is-config="true" signature="setUp()[pri:0, instance:Tests.LoginTest@557caf28]" started-at="2025-09-03T16:21:05 IST" name="setUp" finished-at="2025-09-03T16:21:08 IST" duration-ms="2742" status="PASS">
          <reporter-output>
          </reporter-output>
        </test-method> <!-- setUp -->
        <test-method signature="longUsernamePasswordTest()[pri:0, instance:Tests.LoginTest@557caf28]" started-at="2025-09-03T16:21:08 IST" name="longUsernamePasswordTest" finished-at="2025-09-03T16:21:10 IST" duration-ms="1310" status="PASS">
          <reporter-output>
          </reporter-output>
        </test-method> <!-- longUsernamePasswordTest -->
        <test-method is-config="true" signature="tearDown()[pri:0, instance:Tests.LoginTest@557caf28]" started-at="2025-09-03T16:21:10 IST" name="tearDown" finished-at="2025-09-03T16:21:10 IST" duration-ms="263" status="PASS">
          <reporter-output>
          </reporter-output>
        </test-method> <!-- tearDown -->
        <test-method is-config="true" signature="setUp()[pri:0, instance:Tests.LoginTest@557caf28]" started-at="2025-09-03T16:21:10 IST" name="setUp" finished-at="2025-09-03T16:21:13 IST" duration-ms="2806" status="PASS">
          <reporter-output>
          </reporter-output>
        </test-method> <!-- setUp -->
        <test-method signature="sqlInjectionAttemptTest()[pri:0, instance:Tests.LoginTest@557caf28]" started-at="2025-09-03T16:21:13 IST" name="sqlInjectionAttemptTest" finished-at="2025-09-03T16:21:13 IST" duration-ms="544" status="PASS">
          <reporter-output>
          </reporter-output>
        </test-method> <!-- sqlInjectionAttemptTest -->
        <test-method is-config="true" signature="tearDown()[pri:0, instance:Tests.LoginTest@557caf28]" started-at="2025-09-03T16:21:13 IST" name="tearDown" finished-at="2025-09-03T16:21:13 IST" duration-ms="322" status="PASS">
          <reporter-output>
          </reporter-output>
        </test-method> <!-- tearDown -->
        <test-method is-config="true" signature="setUp()[pri:0, instance:Tests.LoginTest@557caf28]" started-at="2025-09-03T16:21:13 IST" name="setUp" finished-at="2025-09-03T16:21:16 IST" duration-ms="2774" status="PASS">
          <reporter-output>
          </reporter-output>
        </test-method> <!-- setUp -->
        <test-method signature="whitespaceInUsernamePasswordTest()[pri:0, instance:Tests.LoginTest@557caf28]" started-at="2025-09-03T16:21:16 IST" name="whitespaceInUsernamePasswordTest" finished-at="2025-09-03T16:21:17 IST" duration-ms="502" status="PASS">
          <reporter-output>
          </reporter-output>
        </test-method> <!-- whitespaceInUsernamePasswordTest -->
        <test-method is-config="true" signature="tearDown()[pri:0, instance:Tests.LoginTest@557caf28]" started-at="2025-09-03T16:21:17 IST" name="tearDown" finished-at="2025-09-03T16:21:17 IST" duration-ms="261" status="PASS">
          <reporter-output>
          </reporter-output>
        </test-method> <!-- tearDown -->
      </class> <!-- Tests.LoginTest -->
    </test> <!-- Regression Tests -->
  </suite> <!-- SauceDemo Suite -->
</testng-results>
