<?xml version="1.0" encoding="UTF-8"?>
<!-- Generated by org.testng.reporters.JUnitXMLReporter -->
<testsuite ignored="0" hostname="mukesh" failures="0" tests="17" name="Regression Tests" time="90.326" errors="0" timestamp="2025-09-03T16:22:06 IST">
  <testcase classname="Tests.LoginTest" name="emptyPasswordTest" time="0.387"/>
  <testcase classname="Tests.LoginTest" name="emptyUsernameAndPasswordTest" time="0.484"/>
  <testcase classname="Tests.LoginTest" name="emptyUsernameTest" time="0.439"/>
  <testcase classname="Tests.LoginTest" name="invalidPasswordTest" time="0.499"/>
  <testcase classname="Tests.LoginTest" name="invalidUsernameTest" time="0.486"/>
  <testcase classname="Tests.LoginTest" name="lockedOutUserTest" time="0.481"/>
  <testcase classname="Tests.LoginTest" name="loginWithValidCredentials" time="0.474"/>
  <testcase classname="Tests.LoginTest" name="longUsernamePasswordTest" time="1.31"/>
  <testcase classname="Tests.LoginTest" name="sqlInjectionAttemptTest" time="0.544"/>
  <testcase classname="Tests.LoginTest" name="whitespaceInUsernamePasswordTest" time="0.502"/>
  <testcase classname="Tests.CartTest" name="removeItemAndCheckCartEmpty" time="5.859"/>
  <testcase classname="Tests.CartTest" name="tryProceedingToCheckoutWithoutItem" time="5.518"/>
  <testcase classname="Tests.CartTest" name="verifyItemAddedToCartAndProceedCheckout" time="0.934"/>
  <testcase classname="Tests.CheckoutTest" name="checkoutWithMissingUserDetails" time="1.347"/>
  <testcase classname="Tests.CheckoutTest" name="completeCheckoutFlowSuccessfully" time="1.522"/>
  <testcase classname="Tests.InventoryTest" name="addItemThenVerifyButtonText" time="2.785"/>
  <testcase classname="Tests.InventoryTest" name="addItemToCartTest" time="4.812"/>
</testsuite> <!-- Regression Tests -->
